Arguments: 
  C:\Program Files\nodejs\node.exe C:\Users\Dell\AppData\Roaming\npm\node_modules\yarn\bin\yarn.js add express-fileupload

PATH: 
  C:\Users\Dell\bin;C:\Program Files\Git\mingw64\bin;C:\Program Files\Git\usr\local\bin;C:\Program Files\Git\usr\bin;C:\Program Files\Git\usr\bin;C:\Program Files\Git\mingw64\bin;C:\Program Files\Git\usr\bin;C:\Users\Dell\bin;C:\ProgramData\Oracle\Java\javapath;C:\WINDOWS\system32;C:\WINDOWS;C:\WINDOWS\System32\Wbem;C:\WINDOWS\System32\WindowsPowerShell\v1.0;C:\Program Files\Microsoft SQL Server\Client SDK\ODBC\110\Tools\Binn;C:\Program Files (x86)\Microsoft SQL Server\120\Tools\Binn;C:\Program Files\Microsoft SQL Server\120\Tools\Binn;C:\Program Files\Microsoft SQL Server\120\DTS\Binn;C:\Program Files (x86)\Microsoft SQL Server\120\Tools\Binn\ManagementStudio;C:\Program Files (x86)\Microsoft SQL Server\120\DTS\Binn;C:\Program Files (x86)\Microsoft SQL Server\Client SDK\ODBC\130\Tools\Binn;C:\Program Files (x86)\Microsoft SQL Server\140\Tools\Binn;C:\Program Files (x86)\Microsoft SQL Server\140\DTS\Binn;C:\Program Files (x86)\Microsoft SQL Server\140\Tools\Binn\ManagementStudio;C:\Program Files\TortoiseSVN\bin;C:\Program Files\dotnet;C:\Program Files\Microsoft SQL Server\130\Tools\Binn;C:\Program Files\nodejs;C:\Program Files\Git\cmd;C:\Program Files\TortoiseGit\bin;C:\WINDOWS\System32\OpenSSH;C:\Users\Dell\AppData\Local\Programs\Python\Python36-32\Scripts;C:\Users\Dell\AppData\Local\Programs\Python\Python36-32;C:\Users\Dell\AppData\Local\Microsoft\WindowsApps;C:\Users\Dell\AppData\Roaming\npm;C:\Program Files\MongoDB\Server\3.4\bin;C:\Program Files\Microsoft VS Code\bin;C:\Program Files\Java\jdk1.8.0_144\bin;C:\Program Files\Heroku\bin;C:\Users\Dell\AppData\Local\GitHubDesktop\bin;%USERPROFILE%\AppData\Local\Microsoft\WindowsApps;C:\Program Files\Git\usr\bin\vendor_perl;C:\Program Files\Git\usr\bin\core_perl

Yarn version: 
  1.5.1

Node version: 
  8.9.1

Platform: 
  win32 x64

npm manifest: 
  {
    "name": "myapp",
    "version": "0.0.0",
    "private": true,
    "scripts": {
      "start": "node app.js"
    },
    "dependencies": {
      "app-root-path": "^2.0.1",
      "async": "^2.6.0",
      "basic-auth-connect": "latest",
      "bcrypt-nodejs": "0.0.3",
      "body-parser": "~1.13.2",
      "bootbot": "^1.0.14",
      "client-sessions": "latest",
      "connect": "latest",
      "connect-flash": "latest",
      "connect-loki": "^1.1.0",
      "cookie-parser": "~1.3.5",
      "dateformat": "latest",
      "debug": "~2.2.0",
      "download-file": "^0.1.5",
      "ejs": "~2.3.3",
      "express": "~4.13.1",
      "express-logger": "0.0.3",
      "express-mailer": "^0.3.0",
      "express-session": "latest",
      "express-validator": "^5.1.2",
      "formidable": "^1.2.1",
      "fs-extra": "latest",
      "http-proxy": "latest",
      "js-alert": "^1.0.4",
      "md5": "latest",
      "messaging-api-messenger": "^0.7.0",
      "mime": "latest",
      "mongonaut": "^3.0.0",
      "mongoose": "latest",
      "morgan": "~1.6.1",
      "multer": "^1.3.0",
      "mysql": "latest",
      "node-constants": "latest",
      "nodemailer": "^2.4.1",
      "nodemailer-smtp-transport": "^2.5.0",
      "nodemon": "latest",
      "numeral": "latest",
      "passport": "latest",
      "passport-local": "latest",
      "pm2": "^2.9.3",
      "request": "^2.83.0",
      "rimraf": "^2.6.2",
      "rotating-file-stream": "^1.3.4",
      "serve-favicon": "~2.3.0",
      "simple-encryptor": "latest",
      "underscore": "latest",
      "unzip": "^0.1.11"
    }
  }

yarn manifest: 
  No manifest

Lockfile: 
  No lockfile

Trace: 
  Error: Found incompatible module
      at new MessageError (C:\Users\Dell\AppData\Roaming\npm\node_modules\yarn\lib\cli.js:186:110)
      at checkOne (C:\Users\Dell\AppData\Roaming\npm\node_modules\yarn\lib\cli.js:62444:11)
      at Object.check (C:\Users\Dell\AppData\Roaming\npm\node_modules\yarn\lib\cli.js:62463:5)
      at C:\Users\Dell\AppData\Roaming\npm\node_modules\yarn\lib\cli.js:22803:73
      at Generator.next (<anonymous>)
      at step (C:\Users\Dell\AppData\Roaming\npm\node_modules\yarn\lib\cli.js:98:30)
      at C:\Users\Dell\AppData\Roaming\npm\node_modules\yarn\lib\cli.js:109:13
      at <anonymous>
